# JRE version: Java(TM) SE Runtime Environment (8.0_40-b25) (build 1.8.0_40-b25)
# Java VM: Java HotSpot(TM) 64-Bit Server VM (25.40-b25 mixed mode bsd-amd64 compressed oops)
Heap:
 PSYoungGen      total 272896K, used 148968K [0x000000076ab00000, 0x000000077c000000, 0x00000007c0000000)
  eden space 262144K, 56% used [0x000000076ab00000,0x0000000773c7a3c0,0x000000077ab00000)
  from space 10752K, 0% used [0x000000077b580000,0x000000077b580000,0x000000077c000000)
  to   space 10752K, 0% used [0x000000077ab00000,0x000000077ab00000,0x000000077b580000)
 ParOldGen       total 92672K, used 9540K [0x00000006c0000000, 0x00000006c5a80000, 0x000000076ab00000)
  object space 92672K, 10% used [0x00000006c0000000,0x00000006c0951178,0x00000006c5a80000)
 Metaspace       used 29519K, capacity 29734K, committed 30080K, reserved 1075200K
  class space    used 3576K, capacity 3628K, committed 3712K, reserved 1048576K
GC Heap History (10 events):
Event: 0.855 GC heap before
{Heap before GC invocations=1 (full 0):
 PSYoungGen      total 76288K, used 65536K [0x000000076ab00000, 0x0000000770000000, 0x00000007c0000000)
  eden space 65536K, 100% used [0x000000076ab00000,0x000000076eb00000,0x000000076eb00000)
  from space 10752K, 0% used [0x000000076f580000,0x000000076f580000,0x0000000770000000)
  to   space 10752K, 0% used [0x000000076eb00000,0x000000076eb00000,0x000000076f580000)
 ParOldGen       total 175104K, used 0K [0x00000006c0000000, 0x00000006cab00000, 0x000000076ab00000)
  object space 175104K, 0% used [0x00000006c0000000,0x00000006c0000000,0x00000006cab00000)
 Metaspace       used 9380K, capacity 9470K, committed 9728K, reserved 1058816K
  class space    used 1132K, capacity 1173K, committed 1280K, reserved 1048576K
Event: 0.865 GC heap after
Heap after GC invocations=1 (full 0):
 PSYoungGen      total 76288K, used 5519K [0x000000076ab00000, 0x0000000774000000, 0x00000007c0000000)
  eden space 65536K, 0% used [0x000000076ab00000,0x000000076ab00000,0x000000076eb00000)
  from space 10752K, 51% used [0x000000076eb00000,0x000000076f063e30,0x000000076f580000)
  to   space 10752K, 0% used [0x0000000773580000,0x0000000773580000,0x0000000774000000)
 ParOldGen       total 175104K, used 8K [0x00000006c0000000, 0x00000006cab00000, 0x000000076ab00000)
  object space 175104K, 0% used [0x00000006c0000000,0x00000006c0002000,0x00000006cab00000)
 Metaspace       used 9380K, capacity 9470K, committed 9728K, reserved 1058816K
  class space    used 1132K, capacity 1173K, committed 1280K, reserved 1048576K
}
Event: 1.245 GC heap before
{Heap before GC invocations=2 (full 0):
 PSYoungGen      total 76288K, used 71055K [0x000000076ab00000, 0x0000000774000000, 0x00000007c0000000)
  eden space 65536K, 100% used [0x000000076ab00000,0x000000076eb00000,0x000000076eb00000)
  from space 10752K, 51% used [0x000000076eb00000,0x000000076f063e30,0x000000076f580000)
  to   space 10752K, 0% used [0x0000000773580000,0x0000000773580000,0x0000000774000000)
 ParOldGen       total 175104K, used 8K [0x00000006c0000000, 0x00000006cab00000, 0x000000076ab00000)
  object space 175104K, 0% used [0x00000006c0000000,0x00000006c0002000,0x00000006cab00000)
 Metaspace       used 15705K, capacity 15850K, committed 16128K, reserved 1062912K
  class space    used 1917K, capacity 1975K, committed 2048K, reserved 1048576K
Event: 1.255 GC heap after
Heap after GC invocations=2 (full 0):
 PSYoungGen      total 141824K, used 10733K [0x000000076ab00000, 0x0000000774000000, 0x00000007c0000000)
  eden space 131072K, 0% used [0x000000076ab00000,0x000000076ab00000,0x0000000772b00000)
  from space 10752K, 99% used [0x0000000773580000,0x0000000773ffb590,0x0000000774000000)
  to   space 10752K, 0% used [0x0000000772b00000,0x0000000772b00000,0x0000000773580000)
 ParOldGen       total 175104K, used 649K [0x00000006c0000000, 0x00000006cab00000, 0x000000076ab00000)
  object space 175104K, 0% used [0x00000006c0000000,0x00000006c00a26d0,0x00000006cab00000)
 Metaspace       used 15705K, capacity 15850K, committed 16128K, reserved 1062912K
  class space    used 1917K, capacity 1975K, committed 2048K, reserved 1048576K
}
Event: 2.065 GC heap before
{Heap before GC invocations=3 (full 0):
 PSYoungGen      total 141824K, used 141805K [0x000000076ab00000, 0x0000000774000000, 0x00000007c0000000)
  eden space 131072K, 100% used [0x000000076ab00000,0x0000000772b00000,0x0000000772b00000)
  from space 10752K, 99% used [0x0000000773580000,0x0000000773ffb590,0x0000000774000000)
  to   space 10752K, 0% used [0x0000000772b00000,0x0000000772b00000,0x0000000773580000)
 ParOldGen       total 175104K, used 649K [0x00000006c0000000, 0x00000006cab00000, 0x000000076ab00000)
  object space 175104K, 0% used [0x00000006c0000000,0x00000006c00a26d0,0x00000006cab00000)
 Metaspace       used 20878K, capacity 21064K, committed 21296K, reserved 1069056K
  class space    used 2556K, capacity 2615K, committed 2688K, reserved 1048576K
Event: 2.077 GC heap after
Heap after GC invocations=3 (full 0):
 PSYoungGen      total 141824K, used 10721K [0x000000076ab00000, 0x000000077c000000, 0x00000007c0000000)
  eden space 131072K, 0% used [0x000000076ab00000,0x000000076ab00000,0x0000000772b00000)
  from space 10752K, 99% used [0x0000000772b00000,0x0000000773578758,0x0000000773580000)
  to   space 10752K, 0% used [0x000000077b580000,0x000000077b580000,0x000000077c000000)
 ParOldGen       total 175104K, used 3180K [0x00000006c0000000, 0x00000006cab00000, 0x000000076ab00000)
  object space 175104K, 1% used [0x00000006c0000000,0x00000006c031b2a0,0x00000006cab00000)
 Metaspace       used 20878K, capacity 21064K, committed 21296K, reserved 1069056K
  class space    used 2556K, capacity 2615K, committed 2688K, reserved 1048576K
}
Event: 2.113 GC heap before
{Heap before GC invocations=4 (full 0):
 PSYoungGen      total 141824K, used 17832K [0x000000076ab00000, 0x000000077c000000, 0x00000007c0000000)
  eden space 131072K, 5% used [0x000000076ab00000,0x000000076b1f1b98,0x0000000772b00000)
  from space 10752K, 99% used [0x0000000772b00000,0x0000000773578758,0x0000000773580000)
  to   space 10752K, 0% used [0x000000077b580000,0x000000077b580000,0x000000077c000000)
 ParOldGen       total 175104K, used 3180K [0x00000006c0000000, 0x00000006cab00000, 0x000000076ab00000)
  object space 175104K, 1% used [0x00000006c0000000,0x00000006c031b2a0,0x00000006cab00000)
 Metaspace       used 21008K, capacity 21128K, committed 21296K, reserved 1069056K
  class space    used 2576K, capacity 2615K, committed 2688K, reserved 1048576K
Event: 2.121 GC heap after
Heap after GC invocations=4 (full 0):
 PSYoungGen      total 272896K, used 9822K [0x000000076ab00000, 0x000000077c000000, 0x00000007c0000000)
  eden space 262144K, 0% used [0x000000076ab00000,0x000000076ab00000,0x000000077ab00000)
  from space 10752K, 91% used [0x000000077b580000,0x000000077bf17860,0x000000077c000000)
  to   space 10752K, 0% used [0x000000077ab00000,0x000000077ab00000,0x000000077b580000)
 ParOldGen       total 175104K, used 3188K [0x00000006c0000000, 0x00000006cab00000, 0x000000076ab00000)
  object space 175104K, 1% used [0x00000006c0000000,0x00000006c031d2a0,0x00000006cab00000)
 Metaspace       used 21008K, capacity 21128K, committed 21296K, reserved 1069056K
  class space    used 2576K, capacity 2615K, committed 2688K, reserved 1048576K
}
Event: 2.121 GC heap before
{Heap before GC invocations=5 (full 1):
 PSYoungGen      total 272896K, used 9822K [0x000000076ab00000, 0x000000077c000000, 0x00000007c0000000)
  eden space 262144K, 0% used [0x000000076ab00000,0x000000076ab00000,0x000000077ab00000)
  from space 10752K, 91% used [0x000000077b580000,0x000000077bf17860,0x000000077c000000)
  to   space 10752K, 0% used [0x000000077ab00000,0x000000077ab00000,0x000000077b580000)
 ParOldGen       total 175104K, used 3188K [0x00000006c0000000, 0x00000006cab00000, 0x000000076ab00000)
  object space 175104K, 1% used [0x00000006c0000000,0x00000006c031d2a0,0x00000006cab00000)
 Metaspace       used 21008K, capacity 21128K, committed 21296K, reserved 1069056K
  class space    used 2576K, capacity 2615K, committed 2688K, reserved 1048576K
Event: 2.153 GC heap after
Heap after GC invocations=5 (full 1):
 PSYoungGen      total 272896K, used 0K [0x000000076ab00000, 0x000000077c000000, 0x00000007c0000000)
  eden space 262144K, 0% used [0x000000076ab00000,0x000000076ab00000,0x000000077ab00000)
  from space 10752K, 0% used [0x000000077b580000,0x000000077b580000,0x000000077c000000)
  to   space 10752K, 0% used [0x000000077ab00000,0x000000077ab00000,0x000000077b580000)
 ParOldGen       total 92672K, used 9540K [0x00000006c0000000, 0x00000006c5a80000, 0x000000076ab00000)
  object space 92672K, 10% used [0x00000006c0000000,0x00000006c0951178,0x00000006c5a80000)
 Metaspace       used 21008K, capacity 21128K, committed 21296K, reserved 1069056K
  class space    used 2576K, capacity 2615K, committed 2688K, reserved 1048576K
}

